Tue Apr 20 16:23:23 2021  [TRACE]: 0
Tue Apr 20 16:23:23 2021  [TRACE]: sl160.status.get
Tue Apr 20 16:23:23 2021  [TRACE]: 3
Tue Apr 20 16:23:23 2021  [TRACE]: sl160.hotelfitted.get 1
Tue Apr 20 16:23:23 2021  [TRACE]: 0
Tue Apr 20 16:23:23 2021  [TRACE]: sl160.hotelfitted.get 2
Tue Apr 20 16:23:23 2021  [TRACE]: 0
Tue Apr 20 16:23:23 2021  [TRACE]: sl160.previewstate.get
Tue Apr 20 16:23:23 2021  [TRACE]: 0
Tue Apr 20 16:23:24 2021  [TRACE]: sl160.status.get
Tue Apr 20 16:23:24 2021  [TRACE]: 3
Tue Apr 20 16:23:24 2021  [TRACE]: sl160.hotelfitted.get 1
Tue Apr 20 16:23:24 2021  [TRACE]: 0
Tue Apr 20 16:23:24 2021  [TRACE]: sl160.hotelfitted.get 2
Tue Apr 20 16:23:24 2021  [TRACE]: 0
Tue Apr 20 16:23:24 2021  [TRACE]: sl160.previewstate.get
Tue Apr 20 16:23:24 2021  [TRACE]: 0
Tue Apr 20 16:23:24 2021  [TRACE]: sl160.status.get
Tue Apr 20 16:23:24 2021  [TRACE]: 3
Tue Apr 20 16:23:24 2021  [TRACE]: sl160.hotelfitted.get 1
Tue Apr 20 16:23:24 2021  [TRACE]: 0
Tue Apr 20 16:23:24 2021  [TRACE]: sl160.hotelfitted.get 2
Tue Apr 20 16:23:24 2021  [TRACE]: 0
Tue Apr 20 16:23:24 2021  [TRACE]: sl160.previewstate.get
Tue Apr 20 16:23:24 2021  [TRACE]: 0
Tue Apr 20 16:23:24 2021  [TRACE]: sl160.status.get
Tue Apr 20 16:23:24 2021  [TRACE]: 3
Tue Apr 20 16:23:24 2021  [TRACE]: sl160.hotelfitted.get 1
Tue Apr 20 16:23:24 2021  [TRACE]: 0
Tue Apr 20 16:23:24 2021  [TRACE]: sl160.hotelfitted.get 2
Tue Apr 20 16:23:24 2021  [TRACE]: 0
Tue Apr 20 16:23:24 2021  [TRACE]: sl160.previewstate.get
Tue Apr 20 16:23:24 2021  [TRACE]: 0
Tue Apr 20 16:23:24 2021  [TRACE]: sl160.status.get
Tue Apr 20 16:23:24 2021  [TRACE]: 3
Tue Apr 20 16:23:24 2021  [TRACE]: sl160.hotelfitted.get 1
Tue Apr 20 16:23:24 2021  [TRACE]: 0
Tue Apr 20 16:23:24 2021  [TRACE]: sl160.hotelfitted.get 2
Tue Apr 20 16:23:24 2021  [TRACE]: 0
Tue Apr 20 16:23:24 2021  [TRACE]: sl160.previewstate.get
Tue Apr 20 16:23:24 2021  [TRACE]: 0
Tue Apr 20 16:23:24 2021  [TRACE]: sl160.status.get
Tue Apr 20 16:23:24 2021  [TRACE]: 3
Tue Apr 20 16:23:24 2021  [TRACE]: sl160.hotelfitted.get 1
Tue Apr 20 16:23:24 2021  [TRACE]: 0
Tue Apr 20 16:23:24 2021  [TRACE]: sl160.hotelfitted.get 2
Tue Apr 20 16:23:24 2021  [TRACE]: 0
Tue Apr 20 16:23:24 2021  [TRACE]: sl160.previewstate.get
Tue Apr 20 16:23:24 2021  [TRACE]: 0
Tue Apr 20 16:23:25 2021  [TRACE]: sl160.status.get
Tue Apr 20 16:23:25 2021  [TRACE]: 3
Tue Apr 20 16:23:25 2021  [TRACE]: sl160.hotelfitted.get 1
Tue Apr 20 16:23:25 2021  [TRACE]: 0
Tue Apr 20 16:23:25 2021  [TRACE]: sl160.hotelfitted.get 2
Tue Apr 20 16:23:25 2021  [TRACE]: 0
Tue Apr 20 16:23:25 2021  [TRACE]: sl160.previewstate.get
Tue Apr 20 16:23:25 2021  [TRACE]: 0
Tue Apr 20 16:23:25 2021  [TRACE]: sl160.status.get
Tue Apr 20 16:23:25 2021  [TRACE]: 3
Tue Apr 20 16:23:25 2021  [TRACE]: sl160.hotelfitted.get 1
Tue Apr 20 16:23:25 2021  [TRACE]: 0
Tue Apr 20 16:23:25 2021  [TRACE]: sl160.hotelfitted.get 2
Tue Apr 20 16:23:25 2021  [TRACE]: 0
Tue Apr 20 16:23:25 2021  [TRACE]: sl160.previewstate.get
Tue Apr 20 16:23:25 2021  [TRACE]: 0
Tue Apr 20 16:23:25 2021  [TRACE]: sl160.status.get
Tue Apr 20 16:23:25 2021  [TRACE]: 3
Tue Apr 20 16:23:25 2021  [TRACE]: sl160.hotelfitted.get 1
Tue Apr 20 16:23:25 2021  [TRACE]: 0
Tue Apr 20 16:23:25 2021  [TRACE]: sl160.hotelfitted.get 2
Tue Apr 20 16:23:25 2021  [TRACE]: 0
Tue Apr 20 16:23:25 2021  [TRACE]: sl160.previewstate.get
Tue Apr 20 16:23:25 2021  [TRACE]: 0
Tue Apr 20 16:23:25 2021  [TRACE]: sl160.status.get
Tue Apr 20 16:23:25 2021  [TRACE]: 3
Tue Apr 20 16:23:25 2021  [TRACE]: sl160.hotelfitted.get 1
Tue Apr 20 16:23:25 2021  [TRACE]: 0
Tue Apr 20 16:23:25 2021  [TRACE]: sl160.hotelfitted.get 2
Tue Apr 20 16:23:25 2021  [TRACE]: 0
Tue Apr 20 16:23:25 2021  [TRACE]: sl160.previewstate.get
Tue Apr 20 16:23:25 2021  [TRACE]: 0
Tue Apr 20 16:23:25 2021  [TRACE]: sl160.status.get
Tue Apr 20 16:23:25 2021  [TRACE]: 3
Tue Apr 20 16:23:25 2021  [TRACE]: sl160.hotelfitted.get 1
Tue Apr 20 16:23:25 2021  [TRACE]: 0
Tue Apr 20 16:23:25 2021  [TRACE]: sl160.hotelfitted.get 2
Tue Apr 20 16:23:25 2021  [TRACE]: 0
Tue Apr 20 16:23:25 2021  [TRACE]: sl160.previewstate.get
Tue Apr 20 16:23:25 2021  [TRACE]: 0
Tue Apr 20 16:23:26 2021  [TRACE]: sl160.status.get
Tue Apr 20 16:23:26 2021  [TRACE]: 3
Tue Apr 20 16:23:26 2021  [TRACE]: sl160.hotelfitted.get 1
Tue Apr 20 16:23:26 2021  [TRACE]: 0
Tue Apr 20 16:23:26 2021  [TRACE]: sl160.hotelfitted.get 2
Tue Apr 20 16:23:26 2021  [TRACE]: 0
Tue Apr 20 16:23:26 2021  [TRACE]: sl160.previewstate.get
Tue Apr 20 16:23:26 2021  [TRACE]: 0
Tue Apr 20 16:23:26 2021  [TRACE]: sl160.status.get
Tue Apr 20 16:23:26 2021  [TRACE]: 3
Tue Apr 20 16:23:26 2021  [TRACE]: sl160.hotelfitted.get 1
Tue Apr 20 16:23:26 2021  [TRACE]: 0
Tue Apr 20 16:23:26 2021  [TRACE]: sl160.hotelfitted.get 2
Tue Apr 20 16:23:26 2021  [TRACE]: 0
Tue Apr 20 16:23:26 2021  [TRACE]: sl160.previewstate.get
Tue Apr 20 16:23:26 2021  [TRACE]: 0
Tue Apr 20 16:23:26 2021  [TRACE]: sl160.status.get
Tue Apr 20 16:23:26 2021  [TRACE]: 3
Tue Apr 20 16:23:26 2021  [TRACE]: sl160.hotelfitted.get 1
Tue Apr 20 16:23:26 2021  [TRACE]: 0
Tue Apr 20 16:23:26 2021  [TRACE]: sl160.hotelfitted.get 2
Tue Apr 20 16:23:26 2021  [TRACE]: 0
Tue Apr 20 16:23:26 2021  [TRACE]: sl160.previewstate.get
Tue Apr 20 16:23:26 2021  [TRACE]: 0
Tue Apr 20 16:23:26 2021  [TRACE]: sl160.status.get
Tue Apr 20 16:23:26 2021  [TRACE]: 3
Tue Apr 20 16:23:26 2021  [TRACE]: sl160.hotelfitted.get 1
Tue Apr 20 16:23:26 2021  [TRACE]: 0
Tue Apr 20 16:23:26 2021  [TRACE]: sl160.hotelfitted.get 2
Tue Apr 20 16:23:26 2021  [TRACE]: 0
Tue Apr 20 16:23:26 2021  [TRACE]: sl160.previewstate.get
Tue Apr 20 16:23:26 2021  [TRACE]: 0
Tue Apr 20 16:23:26 2021  [TRACE]: sl160.status.get
Tue Apr 20 16:23:26 2021  [TRACE]: 3
Tue Apr 20 16:23:26 2021  [TRACE]: sl160.hotelfitted.get 1
Tue Apr 20 16:23:26 2021  [TRACE]: 0
Tue Apr 20 16:23:26 2021  [TRACE]: sl160.hotelfitted.get 2
Tue Apr 20 16:23:26 2021  [TRACE]: 0
Tue Apr 20 16:23:26 2021  [TRACE]: sl160.previewstate.get
Tue Apr 20 16:23:26 2021  [TRACE]: 0
Tue Apr 20 16:23:27 2021  [TRACE]: sl160.status.get
Tue Apr 20 16:23:27 2021  [TRACE]: 3
Tue Apr 20 16:23:27 2021  [TRACE]: sl160.hotelfitted.get 1
Tue Apr 20 16:23:27 2021  [TRACE]: 0
Tue Apr 20 16:23:27 2021  [TRACE]: sl160.hotelfitted.get 2
Tue Apr 20 16:23:27 2021  [TRACE]: 0
Tue Apr 20 16:23:27 2021  [TRACE]: sl160.previewstate.get
Tue Apr 20 16:23:27 2021  [TRACE]: 0
Tue Apr 20 16:23:27 2021  [TRACE]: sl160.status.get
Tue Apr 20 16:23:27 2021  [TRACE]: 3
Tue Apr 20 16:23:27 2021  [TRACE]: sl160.hotelfitted.get 1
Tue Apr 20 16:23:27 2021  [TRACE]: 0
Tue Apr 20 16:23:27 2021  [TRACE]: sl160.hotelfitted.get 2
Tue Apr 20 16:23:27 2021  [TRACE]: 0
Tue Apr 20 16:23:27 2021  [TRACE]: sl160.previewstate.get
Tue Apr 20 16:23:27 2021  [TRACE]: 0
Tue Apr 20 16:23:27 2021  [TRACE]: sl160.status.get
Tue Apr 20 16:23:27 2021  [TRACE]: 3
Tue Apr 20 16:23:27 2021  [TRACE]: sl160.hotelfitted.get 1
Tue Apr 20 16:23:27 2021  [TRACE]: 0
Tue Apr 20 16:23:27 2021  [TRACE]: sl160.hotelfitted.get 2
Tue Apr 20 16:23:27 2021  [TRACE]: 0
Tue Apr 20 16:23:27 2021  [TRACE]: sl160.previewstate.get
Tue Apr 20 16:23:27 2021  [TRACE]: 0
Tue Apr 20 16:23:27 2021  [TRACE]: sl160.status.get
Tue Apr 20 16:23:27 2021  [TRACE]: 3
Tue Apr 20 16:23:27 2021  [TRACE]: sl160.hotelfitted.get 1
Tue Apr 20 16:23:27 2021  [TRACE]: 0
Tue Apr 20 16:23:27 2021  [TRACE]: sl160.hotelfitted.get 2
Tue Apr 20 16:23:27 2021  [TRACE]: 0
Tue Apr 20 16:23:27 2021  [TRACE]: sl160.previewstate.get
Tue Apr 20 16:23:27 2021  [TRACE]: 0
Tue Apr 20 16:23:27 2021  [TRACE]: sl160.status.get
Tue Apr 20 16:23:27 2021  [TRACE]: 3
Tue Apr 20 16:23:27 2021  [TRACE]: sl160.hotelfitted.get 1
Tue Apr 20 16:23:27 2021  [TRACE]: 0
Tue Apr 20 16:23:27 2021  [TRACE]: sl160.hotelfitted.get 2
Tue Apr 20 16:23:27 2021  [TRACE]: 0
Tue Apr 20 16:23:27 2021  [TRACE]: sl160.previewstate.get
Tue Apr 20 16:23:27 2021  [TRACE]: 0
Tue Apr 20 16:23:28 2021  [TRACE]: sl160.status.get
Tue Apr 20 16:23:28 2021  [TRACE]: 3
Tue Apr 20 16:23:28 2021  [TRACE]: sl160.hotelfitted.get 1
Tue Apr 20 16:23:28 2021  [TRACE]: 0
Tue Apr 20 16:23:28 2021  [TRACE]: sl160.hotelfitted.get 2
Tue Apr 20 16:23:28 2021  [TRACE]: 0
Tue Apr 20 16:23:28 2021  [TRACE]: sl160.previewstate.get
Tue Apr 20 16:23:28 2021  [TRACE]: 0
Tue Apr 20 16:23:28 2021  [TRACE]: sl160.status.get
Tue Apr 20 16:23:28 2021  [TRACE]: 3
Tue Apr 20 16:23:28 2021  [TRACE]: sl160.hotelfitted.get 1
Tue Apr 20 16:23:28 2021  [TRACE]: 0
Tue Apr 20 16:23:28 2021  [TRACE]: sl160.hotelfitted.get 2
Tue Apr 20 16:23:28 2021  [TRACE]: 0
Tue Apr 20 16:23:28 2021  [TRACE]: sl160.previewstate.get
Tue Apr 20 16:23:28 2021  [TRACE]: 0
Tue Apr 20 16:23:28 2021  [TRACE]: sl160.status.get
Tue Apr 20 16:23:28 2021  [TRACE]: 3
Tue Apr 20 16:23:28 2021  [TRACE]: sl160.hotelfitted.get 1
Tue Apr 20 16:23:28 2021  [TRACE]: 0
Tue Apr 20 16:23:28 2021  [TRACE]: sl160.hotelfitted.get 2
Tue Apr 20 16:23:28 2021  [TRACE]: 0
Tue Apr 20 16:23:28 2021  [TRACE]: sl160.previewstate.get
Tue Apr 20 16:23:28 2021  [TRACE]: 0
Tue Apr 20 16:23:28 2021  [TRACE]: dll.log.off
